[0409/022935.889:ERROR:process_reader_win.cc(182)] ResumeThread: The parameter is incorrect. (0x57)
[0409/022935.890:ERROR:process_reader_win.cc(151)] SuspendThread: Access is denied. (0x5)
[0409/022935.890:ERROR:process_reader_win.cc(151)] SuspendThread: Access is denied. (0x5)
[0409/022935.890:ERROR:process_reader_win.cc(151)] SuspendThread: Access is denied. (0x5)
[0409/022935.890:ERROR:process_reader_win.cc(151)] SuspendThread: Access is denied. (0x5)
[0409/022935.890:ERROR:process_reader_win.cc(151)] SuspendThread: Access is denied. (0x5)
[0409/022935.890:ERROR:process_reader_win.cc(151)] SuspendThread: Access is denied. (0x5)
[0409/022935.890:ERROR:process_reader_win.cc(151)] SuspendThread: Access is denied. (0x5)
[0409/022935.891:ERROR:process_reader_win.cc(151)] SuspendThread: Access is denied. (0x5)
[0409/022935.891:ERROR:process_reader_win.cc(151)] SuspendThread: Access is denied. (0x5)
[0409/022935.891:ERROR:process_reader_win.cc(151)] SuspendThread: Access is denied. (0x5)
[0409/022935.891:ERROR:process_reader_win.cc(151)] SuspendThread: Access is denied. (0x5)
[0409/022935.891:ERROR:process_reader_win.cc(151)] SuspendThread: Access is denied. (0x5)
[0409/022935.891:ERROR:process_reader_win.cc(151)] SuspendThread: Access is denied. (0x5)
[0409/022935.895:ERROR:file_io_win.cc(161)] CreateFile C:\Users\ravin\AppData\Local\Temp\scoped_dir11952_1987438052\Crashpad\settings.dat: The system cannot find the path specified. (0x3)
[0409/022935.895:ERROR:file_io_win.cc(170)] CreateFile C:\Users\ravin\AppData\Local\Temp\scoped_dir11952_1987438052\Crashpad\reports\d6326323-b3c2-452b-a00d-f6b93289150d.dmp: The system cannot find the path specified. (0x3)
[0409/022935.895:ERROR:crash_report_exception_handler.cc(97)] PrepareNewCrashReport failed
[0409/023857.724:ERROR:process_reader_win.cc(123)] NtOpenThread: {Access Denied} A process has requested access to an object, but has not been granted those access rights. (0xc0000022)
[0409/023857.778:ERROR:exception_snapshot_win.cc(98)] thread ID 16696 not found in process
[0409/023858.359:ERROR:process_reader_win.cc(151)] SuspendThread: Access is denied. (0x5)
[0409/023858.360:ERROR:process_reader_win.cc(151)] SuspendThread: Access is denied. (0x5)
[0409/023858.360:ERROR:process_reader_win.cc(151)] SuspendThread: Access is denied. (0x5)
[0409/023858.360:ERROR:process_reader_win.cc(151)] SuspendThread: Access is denied. (0x5)
[0409/023858.360:ERROR:process_reader_win.cc(151)] SuspendThread: Access is denied. (0x5)
[0409/023858.360:ERROR:process_reader_win.cc(123)] NtOpenThread: {Access Denied} A process has requested access to an object, but has not been granted those access rights. (0xc0000022)
[0409/023858.360:ERROR:exception_snapshot_win.cc(98)] thread ID 14228 not found in process
[0414/201521.543:ERROR:process_reader_win.cc(151)] SuspendThread: Access is denied. (0x5)
[0414/201521.576:ERROR:process_reader_win.cc(151)] SuspendThread: Access is denied. (0x5)
[0414/201521.576:ERROR:process_reader_win.cc(151)] SuspendThread: Access is denied. (0x5)
[0414/201521.576:ERROR:process_reader_win.cc(151)] SuspendThread: Access is denied. (0x5)
[0414/201521.576:ERROR:process_reader_win.cc(151)] SuspendThread: Access is denied. (0x5)
[0414/201521.576:ERROR:process_reader_win.cc(151)] SuspendThread: Access is denied. (0x5)
[0414/201521.576:ERROR:process_reader_win.cc(151)] SuspendThread: Access is denied. (0x5)
[0414/201521.576:ERROR:process_reader_win.cc(151)] SuspendThread: Access is denied. (0x5)
[0414/201521.576:ERROR:process_reader_win.cc(151)] SuspendThread: Access is denied. (0x5)
[0414/201521.576:ERROR:process_reader_win.cc(151)] SuspendThread: Access is denied. (0x5)
[0414/201521.576:ERROR:process_reader_win.cc(151)] SuspendThread: Access is denied. (0x5)
[0414/201521.576:ERROR:process_reader_win.cc(151)] SuspendThread: Access is denied. (0x5)
[0414/201521.576:ERROR:process_reader_win.cc(151)] SuspendThread: Access is denied. (0x5)
[0414/201521.576:ERROR:process_reader_win.cc(151)] SuspendThread: Access is denied. (0x5)
[0414/201521.576:ERROR:process_reader_win.cc(151)] SuspendThread: Access is denied. (0x5)
[0414/201521.576:ERROR:process_reader_win.cc(151)] SuspendThread: Access is denied. (0x5)
[0414/201521.576:ERROR:exception_snapshot_win.cc(98)] thread ID 17220 not found in process
